[05/Sep/2021 00:45:21.751]INFO [django.utils.autoreload:637] Watching for file changes with StatReloader
[05/Sep/2021 00:47:29.344]INFO [django.server:161] "GET /admin/login/?next=/admin/ HTTP/1.1" 200 2211
[05/Sep/2021 00:47:29.608]INFO [django.server:161] "GET /static/admin/css/base.css HTTP/1.1" 200 19513
[05/Sep/2021 00:47:29.611]INFO [django.server:161] "GET /static/admin/css/nav_sidebar.css HTTP/1.1" 200 2271
[05/Sep/2021 00:47:29.618]INFO [django.server:161] "GET /static/admin/js/nav_sidebar.js HTTP/1.1" 200 1360
[05/Sep/2021 00:47:29.623]INFO [django.server:161] "GET /static/admin/css/login.css HTTP/1.1" 200 939
[05/Sep/2021 00:47:29.628]INFO [django.server:161] "GET /static/admin/css/responsive.css HTTP/1.1" 200 18545
[05/Sep/2021 00:47:29.655]INFO [django.server:161] "GET /static/admin/css/fonts.css HTTP/1.1" 200 423
[05/Sep/2021 00:47:29.690]INFO [django.server:161] "GET /static/admin/fonts/Roboto-Regular-webfont.woff HTTP/1.1" 200 85876
[05/Sep/2021 00:47:29.693]INFO [django.server:161] "GET /static/admin/fonts/Roboto-Light-webfont.woff HTTP/1.1" 200 85692
[05/Sep/2021 00:47:34.277]INFO [django.server:161] "GET /admin/login/?next=/admin/ HTTP/1.1" 200 2211
[05/Sep/2021 01:26:46.756]INFO [django.utils.autoreload:637] Watching for file changes with StatReloader
[05/Sep/2021 01:38:01.619]INFO [django.utils.autoreload:637] Watching for file changes with StatReloader
[05/Sep/2021 02:06:03.944]INFO [django.utils.autoreload:251] /usr/src/app/api/urls.py changed, reloading.
[05/Sep/2021 02:06:05.260]INFO [django.utils.autoreload:637] Watching for file changes with StatReloader
[05/Sep/2021 02:07:48.167]INFO [django.utils.autoreload:251] /usr/src/app/api/settings.py changed, reloading.
[05/Sep/2021 02:07:49.531]INFO [django.utils.autoreload:637] Watching for file changes with StatReloader
[05/Sep/2021 02:08:15.792]INFO [django.utils.autoreload:637] Watching for file changes with StatReloader
[05/Sep/2021 02:09:32.084]INFO [django.utils.autoreload:637] Watching for file changes with StatReloader
[05/Sep/2021 02:09:52.577]INFO [django.utils.autoreload:251] /usr/src/app/users/urls.py changed, reloading.
[05/Sep/2021 02:09:53.886]INFO [django.utils.autoreload:637] Watching for file changes with StatReloader
[05/Sep/2021 02:10:17.122]INFO [django.utils.autoreload:637] Watching for file changes with StatReloader
[05/Sep/2021 02:11:03.682]INFO [django.utils.autoreload:637] Watching for file changes with StatReloader
[05/Sep/2021 02:14:45.088]INFO [django.utils.autoreload:637] Watching for file changes with StatReloader
[05/Sep/2021 02:19:45.370]INFO [django.utils.autoreload:637] Watching for file changes with StatReloader
[05/Sep/2021 02:20:01.818]INFO [django.utils.autoreload:251] /usr/src/app/users/urls.py changed, reloading.
[05/Sep/2021 02:20:03.395]INFO [django.utils.autoreload:637] Watching for file changes with StatReloader
[05/Sep/2021 02:20:59.309]INFO [django.utils.autoreload:637] Watching for file changes with StatReloader
[05/Sep/2021 02:25:42.348]INFO [django.utils.autoreload:251] /usr/src/app/users/serializers.py changed, reloading.
[05/Sep/2021 02:25:43.690]INFO [django.utils.autoreload:637] Watching for file changes with StatReloader
[05/Sep/2021 02:26:41.919]INFO [django.utils.autoreload:251] /usr/src/app/users/serializers.py changed, reloading.
[05/Sep/2021 02:26:43.399]INFO [django.utils.autoreload:637] Watching for file changes with StatReloader
[05/Sep/2021 02:28:42.622]INFO [django.utils.autoreload:251] /usr/src/app/users/serializers.py changed, reloading.
[05/Sep/2021 02:28:44.173]INFO [django.utils.autoreload:637] Watching for file changes with StatReloader
[05/Sep/2021 02:29:01.708]INFO [django.utils.autoreload:251] /usr/src/app/users/serializers.py changed, reloading.
[05/Sep/2021 02:29:03.029]INFO [django.utils.autoreload:637] Watching for file changes with StatReloader
[05/Sep/2021 02:29:52.109]INFO [django.utils.autoreload:251] /usr/src/app/users/serializers.py changed, reloading.
[05/Sep/2021 02:29:53.428]INFO [django.utils.autoreload:637] Watching for file changes with StatReloader
[05/Sep/2021 02:32:53.679]INFO [django.utils.autoreload:251] /usr/src/app/users/views.py changed, reloading.
[05/Sep/2021 02:32:55.353]INFO [django.utils.autoreload:637] Watching for file changes with StatReloader
[05/Sep/2021 02:33:52.482]INFO [django.utils.autoreload:251] /usr/src/app/users/views.py changed, reloading.
[05/Sep/2021 02:33:53.829]INFO [django.utils.autoreload:637] Watching for file changes with StatReloader
[05/Sep/2021 02:34:10.300]INFO [django.utils.autoreload:251] /usr/src/app/users/views.py changed, reloading.
[05/Sep/2021 02:34:11.628]INFO [django.utils.autoreload:637] Watching for file changes with StatReloader
[05/Sep/2021 02:36:01.302]INFO [django.utils.autoreload:637] Watching for file changes with StatReloader
[05/Sep/2021 02:37:56.392]INFO [django.utils.autoreload:251] /usr/src/app/users/views.py changed, reloading.
[05/Sep/2021 02:37:57.704]INFO [django.utils.autoreload:637] Watching for file changes with StatReloader
[05/Sep/2021 02:39:29.507]INFO [django.utils.autoreload:251] /usr/src/app/users/views.py changed, reloading.
[05/Sep/2021 02:39:30.819]INFO [django.utils.autoreload:637] Watching for file changes with StatReloader
[05/Sep/2021 02:40:54.428]INFO [django.utils.autoreload:251] /usr/src/app/users/urls.py changed, reloading.
[05/Sep/2021 02:40:55.759]INFO [django.utils.autoreload:637] Watching for file changes with StatReloader
[05/Sep/2021 02:43:25.881]INFO [django.utils.autoreload:637] Watching for file changes with StatReloader
